mode: atomic
gitlab.com/hmajid2301/banterbus/internal/store/store.go:19.42,27.2 3 1
gitlab.com/hmajid2301/banterbus/internal/store/store.go:29.110,31.16 2 1
gitlab.com/hmajid2301/banterbus/internal/store/store.go:31.16,33.3 1 0
gitlab.com/hmajid2301/banterbus/internal/store/store.go:35.2,35.15 1 1
gitlab.com/hmajid2301/banterbus/internal/store/store.go:35.15,36.17 1 1
gitlab.com/hmajid2301/banterbus/internal/store/store.go:36.17,38.4 1 0
gitlab.com/hmajid2301/banterbus/internal/store/store.go:41.2,46.16 2 1
gitlab.com/hmajid2301/banterbus/internal/store/store.go:46.16,48.3 1 0
gitlab.com/hmajid2301/banterbus/internal/store/store.go:50.2,55.16 2 1
gitlab.com/hmajid2301/banterbus/internal/store/store.go:55.16,57.3 1 0
gitlab.com/hmajid2301/banterbus/internal/store/store.go:59.2,63.16 2 1
gitlab.com/hmajid2301/banterbus/internal/store/store.go:63.16,65.3 1 0
gitlab.com/hmajid2301/banterbus/internal/store/store.go:66.2,66.20 1 1
gitlab.com/hmajid2301/banterbus/internal/store/store.go:69.46,70.53 1 0
gitlab.com/hmajid2301/banterbus/internal/store/store.go:70.53,73.17 3 0
gitlab.com/hmajid2301/banterbus/internal/store/store.go:73.17,75.4 1 0
gitlab.com/hmajid2301/banterbus/internal/store/store.go:78.2,80.16 3 0
gitlab.com/hmajid2301/banterbus/internal/store/store.go:80.16,82.3 1 0
gitlab.com/hmajid2301/banterbus/internal/store/store.go:84.2,85.16 2 0
